CPOS800US/app/build/outputs/logs/manifest-merger-debug-report.txt
-- Merging decision tree log ---
manifest
ADDED from src\main\AndroidManifest.xml:2:1-121:12
	package
		ADDED from src\main\AndroidManifest.xml:3:5-42
		INJECTED from src\main\AndroidManifest.xml
		INJECTED from src\main\AndroidManifest.xml
	android:versionName
		ADDED from src\main\AndroidManifest.xml:5:5-31
		INJECTED from src\main\AndroidManifest.xml
		INJECTED from src\main\AndroidManifest.xml
	android:versionCode
		ADDED from src\main\AndroidManifest.xml:4:5-28
		INJECTED from src\main\AndroidManifest.xml
		INJECTED from src\main\AndroidManifest.xml
	xmlns:android
		ADDED from src\main\AndroidManifest.xml:2:11-69
uses-permission#android.permission.INTERNET
ADDED from src\main\AndroidManifest.xml:7:5-67
	android:name
		ADDED from src\main\AndroidManifest.xml:7:22-64
uses-permission#android.permission.READ_PHONE_STATE
ADDED from src\main\AndroidManifest.xml:8:5-75
	android:name
		ADDED from src\main\AndroidManifest.xml:8:22-72
uses-permission#android.permission.MOUNT_UNMOUNT_FILESYSTEMS
ADDED from src\main\AndroidManifest.xml:10:5-84
	android:name
		ADDED from src\main\AndroidManifest.xml:10:22-81
uses-permission#android.permission.READ_EXTERNAL_STORAGE
ADDED from src\main\AndroidManifest.xml:12:5-80
	android:name
		ADDED from src\main\AndroidManifest.xml:12:22-77
uses-permission#android.permission.WRITE_EXTERNAL_STORAGE
ADDED from src\main\AndroidManifest.xml:13:5-81
	android:name
		ADDED from src\main\AndroidManifest.xml:13:22-78
uses-permission#android.permission.RECEIVE_BOOT_COMPLETED
ADDED from src\main\AndroidManifest.xml:14:5-81
	android:name
		ADDED from src\main\AndroidManifest.xml:14:22-78
uses-permission#android.permission.DISABLE_KEYGUARD
ADDED from src\main\AndroidManifest.xml:15:5-75
	android:name
		ADDED from src\main\AndroidManifest.xml:15:22-72
uses-permission#android.permission.WRITE_SETTINGS
ADDED from src\main\AndroidManifest.xml:16:5-73
	android:name
		ADDED from src\main\AndroidManifest.xml:16:22-70
uses-permission#android.permission.WAKE_LOCK
ADDED from src\main\AndroidManifest.xml:17:5-68
	android:name
		ADDED from src\main\AndroidManifest.xml:17:22-65
uses-permission#android.permission.GET_TASKS
ADDED from src\main\AndroidManifest.xml:18:5-68
	android:name
		ADDED from src\main\AndroidManifest.xml:18:22-65
uses-permission#android.permission.CAMERA
ADDED from src\main\AndroidManifest.xml:21:5-22:23
	android:name
		ADDED from src\main\AndroidManifest.xml:21:22-62
uses-feature#android.hardware.camera
ADDED from src\main\AndroidManifest.xml:24:5-60
	android:name
		ADDED from src\main\AndroidManifest.xml:24:19-57
uses-feature#android.hardware.camera.autofocus
ADDED from src\main\AndroidManifest.xml:25:5-70
	android:name
		ADDED from src\main\AndroidManifest.xml:25:19-67
uses-permission#android.permission.FLASHLIGHT
ADDED from src\main\AndroidManifest.xml:27:5-28:23
	android:name
		ADDED from src\main\AndroidManifest.xml:27:22-66
uses-permission#android.permission.VIBRATE
ADDED from src\main\AndroidManifest.xml:29:5-30:23
	android:name
		ADDED from src\main\AndroidManifest.xml:29:22-63
application
ADDED from src\main\AndroidManifest.xml:32:5-112:19
MERGED from [com.android.support:support-v4:20.0.0] AndroidManifest.xml:17:5-19
	android:label
		ADDED from src\main\AndroidManifest.xml:35:9-41
	android:icon
		ADDED from src\main\AndroidManifest.xml:34:9-38
	android:name
		ADDED from src\main\AndroidManifest.xml:33:9-38
activity#com.authentication.activity.MainActivity
ADDED from src\main\AndroidManifest.xml:36:9-45:20
	android:screenOrientation
		ADDED from src\main\AndroidManifest.xml:38:13-49
	android:theme
		ADDED from src\main\AndroidManifest.xml:39:13-60
	android:name
		ADDED from src\main\AndroidManifest.xml:37:13-41
intent-filter#android.intent.action.MAIN+android.intent.category.LAUNCHER
ADDED from src\main\AndroidManifest.xml:40:13-44:29
action#android.intent.action.MAIN
ADDED from src\main\AndroidManifest.xml:41:17-69
	android:name
		ADDED from src\main\AndroidManifest.xml:41:25-66
category#android.intent.category.LAUNCHER
ADDED from src\main\AndroidManifest.xml:43:17-77
	android:name
		ADDED from src\main\AndroidManifest.xml:43:27-74
activity#com.authentication.activity.UHFActivity
ADDED from src\main\AndroidManifest.xml:46:9-51:20
	android:screenOrientation
		ADDED from src\main\AndroidManifest.xml:49:13-50
	android:configChanges
		ADDED from src\main\AndroidManifest.xml:48:13-63
	android:theme
		ADDED from src\main\AndroidManifest.xml:50:13-44
	android:name
		ADDED from src\main\AndroidManifest.xml:47:13-40
activity#com.authentication.activity.PrinterActivity
ADDED from src\main\AndroidManifest.xml:52:9-57:20
	android:screenOrientation
		ADDED from src\main\AndroidManifest.xml:55:13-49
	android:configChanges
		ADDED from src\main\AndroidManifest.xml:54:13-63
	android:theme
		ADDED from src\main\AndroidManifest.xml:56:13-44
	android:name
		ADDED from src\main\AndroidManifest.xml:53:13-44
activity#com.authentication.activity.FingerprintActivity
ADDED from src\main\AndroidManifest.xml:58:9-63:20
	android:screenOrientation
		ADDED from src\main\AndroidManifest.xml:61:13-49
	android:configChanges
		ADDED from src\main\AndroidManifest.xml:60:13-63
	android:theme
		ADDED from src\main\AndroidManifest.xml:62:13-44
	android:name
		ADDED from src\main\AndroidManifest.xml:59:13-48
activity#com.authentication.activity.BarCodeActivity
ADDED from src\main\AndroidManifest.xml:76:9-82:20
	android:screenOrientation
		ADDED from src\main\AndroidManifest.xml:80:13-49
	android:label
		ADDED from src\main\AndroidManifest.xml:79:13-45
	android:configChanges
		ADDED from src\main\AndroidManifest.xml:78:13-63
	android:theme
		ADDED from src\main\AndroidManifest.xml:81:13-60
	android:name
		ADDED from src\main\AndroidManifest.xml:77:13-44
activity#com.authentication.activity.CardSelectActivity
ADDED from src\main\AndroidManifest.xml:83:9-86:20
	android:screenOrientation
		ADDED from src\main\AndroidManifest.xml:85:13-49
	android:name
		ADDED from src\main\AndroidManifest.xml:84:13-47
activity#com.authentication.activity.IcCardProgActivity
ADDED from src\main\AndroidManifest.xml:87:9-90:20
	android:screenOrientation
		ADDED from src\main\AndroidManifest.xml:89:13-49
	android:name
		ADDED from src\main\AndroidManifest.xml:88:13-47
activity#com.authentication.activity.IcCardBankActivity
ADDED from src\main\AndroidManifest.xml:91:9-94:20
	android:screenOrientation
		ADDED from src\main\AndroidManifest.xml:93:13-49
	android:name
		ADDED from src\main\AndroidManifest.xml:92:13-47
activity#com.authentication.activity.IcCardOrderActivity
ADDED from src\main\AndroidManifest.xml:95:9-98:20
	android:screenOrientation
		ADDED from src\main\AndroidManifest.xml:97:13-49
	android:name
		ADDED from src\main\AndroidManifest.xml:96:13-48
activity#com.authentication.activity.MagStripeCardActivity
ADDED from src\main\AndroidManifest.xml:99:9-102:20
	android:screenOrientation
		ADDED from src\main\AndroidManifest.xml:101:13-49
	android:name
		ADDED from src\main\AndroidManifest.xml:100:13-50
activity#com.authentication.activity.GetVersionActivity
ADDED from src\main\AndroidManifest.xml:107:9-111:20
	android:screenOrientation
		ADDED from src\main\AndroidManifest.xml:110:13-49
	android:label
		ADDED from src\main\AndroidManifest.xml:109:13-63
	android:name
		ADDED from src\main\AndroidManifest.xml:108:13-47
supports-screens
ADDED from src\main\AndroidManifest.xml:114:5-117:40
	android:largeScreens
		ADDED from src\main\AndroidManifest.xml:116:9-36
	android:normalScreens
		ADDED from src\main\AndroidManifest.xml:117:9-37
	android:anyDensity
		ADDED from src\main\AndroidManifest.xml:115:9-34
uses-sdk
ADDED from src\main\AndroidManifest.xml:119:5-44
MERGED from [com.android.support:support-v4:20.0.0] AndroidManifest.xml:16:5-42
	android:targetSdkVersion
		INJECTED from src\main\AndroidManifest.xml
		INJECTED from src\main\AndroidManifest.xml
	android:minSdkVersion
		ADDED from src\main\AndroidManifest.xml:119:15-41
		INJECTED from src\main\AndroidManifest.xml
		INJECTED from src\main\AndroidManifest.xml